<beans xmlns="http://www.springframework.org/schema/beans"
       xmlns:xsi="http://www.w3.org/2001/XMLSchema-instance" xmlns:p="http://www.springframework.org/schema/p"
       xmlns:aop="http://www.springframework.org/schema/aop"
       xmlns:context="http://www.springframework.org/schema/context"
       xmlns:jee="http://www.springframework.org/schema/jee" xmlns:tx="http://www.springframework.org/schema/tx"
       xmlns:task="http://www.springframework.org/schema/task"
       xmlns:c="http://www.springframework.org/schema/c"
       xmlns:util="http://www.springframework.org/schema/util"
       xmlns:jdbc="http://www.springframework.org/schema/jdbc"

       xsi:schemaLocation="http://www.springframework.org/schema/aop
	http://www.springframework.org/schema/aop/spring-aop-3.2.xsd
	http://www.springframework.org/schema/beans
	http://www.springframework.org/schema/beans/spring-beans-3.2.xsd
	http://www.springframework.org/schema/jdbc
     http://www.springframework.org/schema/jdbc/spring-jdbc-3.2.xsd
	http://www.springframework.org/schema/context
	http://www.springframework.org/schema/context/spring-context-3.2.xsd
	http://www.springframework.org/schema/jee
	http://www.springframework.org/schema/jee/spring-jee-3.2.xsd
	http://www.springframework.org/schema/tx
	http://www.springframework.org/schema/tx/spring-tx-3.2.xsd
	http://www.springframework.org/schema/task http://www.springframework.org/schema/task/spring-task-3.2.xsd
	http://www.springframework.org/schema/util http://www.springframework.org/schema/util/spring-util-3.2.xsd"


        >

    <bean id="dataSource" class="org.apache.commons.dbcp.BasicDataSource">
        <property name="driverClassName" value="com.mysql.jdbc.Driver" />
        <property name="url" value="jdbc:mysql://localhost/rowlandhall" />
        <property name="username" value="root" />
        <property name="password" value="password" />
    </bean>

    <!-- JDBC Namespace, what will happen is that when this context File is parsed, spring will i) rig up the datasource and ii
    run the stuff in the initialize-database bit against the dataSource -->

    <jdbc:initialize-database data-source="dataSource" ignore-failures="DROPS">   <!--ignore failures, e.g. here will ignore a failure to drop a table -->
        <jdbc:script location="classpath:testTable.sql"/>
    </jdbc:initialize-database>


</beans>